
-------------------- Trial 0  --------------------

Trial 0 Training cc.mallet.classify.DecisionTreeTrainer@15327b79 with 2700 instances
DecisionTree learned:
!israel&!turkish&!gun&!clayton: misc
!israel&!turkish&!gun&clayton: misc
!israel&!turkish&gun&!homeland: guns
!israel&!turkish&gun&homeland: mideast
!israel&turkish&!ken&!canada: mideast
!israel&turkish&!ken&canada: mideast
!israel&turkish&ken&!c: mideast
!israel&turkish&ken&c: mideast
israel&!fortress&!aludra&!repeated: mideast
israel&!fortress&!aludra&repeated: mideast
israel&!fortress&aludra&!com: mideast
israel&!fortress&aludra&com: misc
israel&fortress&!i: guns
israel&fortress&i: guns
Trial 0 Training cc.mallet.classify.DecisionTreeTrainer@15327b79 finished
Trial 0 Trainer cc.mallet.classify.DecisionTreeTrainer@15327b79 training data accuracy= 0.5948148148148148
Trial 0 Trainer cc.mallet.classify.DecisionTreeTrainer@15327b79 Test Data Confusion Matrix
Confusion Matrix, row=true, column=predicted  accuracy=0.6233333333333333
      label   0   1   2  |total
  0    guns  32   .  61  |93
  1 mideast   .  57  44  |101
  2    misc   5   3  98  |106

Trial 0 Trainer cc.mallet.classify.DecisionTreeTrainer@15327b79 test data accuracy= 0.6233333333333333

cc.mallet.classify.DecisionTreeTrainer@15327b79
Summary. train accuracy mean = 0.5948148148148148 stddev = 0.0 stderr = 0.0
Summary. test accuracy mean = 0.6233333333333333 stddev = 0.0 stderr = 0.0
